\BOOKMARK [1][-]{section*.1}{Tiivistelm\344}{}% 1
\BOOKMARK [1][-]{section*.2}{Tiivistelm\344 \(englanniksi\)}{}% 2
\BOOKMARK [1][-]{section*.3}{Esipuhe}{}% 3
\BOOKMARK [1][-]{section*.4}{Sis\344llysluettelo}{}% 4
\BOOKMARK [1][-]{section.1}{Johdanto}{}% 5
\BOOKMARK [1][-]{section.2}{Systeemidynamiikka }{}% 6
\BOOKMARK [2][-]{subsection.2.1}{Systeemidynamiikan historia }{section.2}% 7
\BOOKMARK [2][-]{subsection.2.2}{Systeemiajattelu ja p\344\344t\366ksenteko }{section.2}% 8
\BOOKMARK [2][-]{subsection.2.3}{Takaisinkytketyt systeemit }{section.2}% 9
\BOOKMARK [2][-]{subsection.2.4}{Viiveet, varastot ja virtaukset }{section.2}% 10
\BOOKMARK [1][-]{section.3}{Ilmastonmuutoksen mallintaminen }{}% 11
\BOOKMARK [2][-]{subsection.3.1}{Ilmastotieteen, -mallien ja -politiikan historia }{section.3}% 12
\BOOKMARK [2][-]{subsection.3.2}{C-ROADS-ilmastomalli }{section.3}% 13
\BOOKMARK [3][-]{subsubsection.3.2.1}{Hiilidioksidi }{subsection.3.2}% 14
\BOOKMARK [3][-]{subsubsection.3.2.2}{Maapallolle varastoitunut l\344mp\366energia }{subsection.3.2}% 15
\BOOKMARK [2][-]{subsection.3.3}{En-ROADS-ilmastomalli }{section.3}% 16
\BOOKMARK [2][-]{subsection.3.4}{FREE-ilmastomalli }{section.3}% 17
\BOOKMARK [2][-]{subsection.3.5}{Erilaiset ilmastomallit }{section.3}% 18
\BOOKMARK [2][-]{subsection.3.6}{Ilmastonmuutoksen ongelmanratkaisu systeemidynamiikalla }{section.3}% 19
\BOOKMARK [1][-]{section.4}{Yhteenveto }{}% 20
\BOOKMARK [1][-]{section.4}{Viitteet}{}% 21
